Flow report for polynomial_topentity_0
Thu Dec 29 23:11:33 2016
Quartus Prime Version 16.1.0 Build 196 10/24/2016 SJ Standard Edition


---------------------
; Table of Contents ;
---------------------
  1. Legal Notice
  2. Flow Summary
  3. Flow Settings
  4. Flow Non-Default Global Settings
  5. Flow Elapsed Time
  6. Flow OS Summary
  7. Flow Log
  8. Flow Messages
  9. Flow Suppressed Messages



----------------
; Legal Notice ;
----------------
Copyright (C) 2016  Intel Corporation. All rights reserved.
Your use of Intel Corporation's design tools, logic functions 
and other software and tools, and its AMPP partner logic 
functions, and any output files from any of the foregoing 
(including device programming or simulation files), and any 
associated documentation or information are expressly subject 
to the terms and conditions of the Intel Program License 
Subscription Agreement, the Intel Quartus Prime License Agreement,
the Intel MegaCore Function License Agreement, or other 
applicable license agreement, including, without limitation, 
that your use is for the sole purpose of programming logic 
devices manufactured by Intel and sold by Intel or its 
authorized distributors.  Please refer to the applicable 
agreement for further details.



+-------------------------------------------------------------------------------------+
; Flow Summary                                                                        ;
+-----------------------------------+-------------------------------------------------+
; Flow Status                       ; Successful - Thu Dec 29 23:11:21 2016           ;
; Quartus Prime Version             ; 16.1.0 Build 196 10/24/2016 SJ Standard Edition ;
; Revision Name                     ; polynomial_topentity_0                          ;
; Top-level Entity Name             ; polynomial_topentity_0                          ;
; Family                            ; Arria II GZ                                     ;
; Logic utilization                 ; < 1 %                                           ;
;     Combinational ALUTs           ; 32 / 179,200 ( < 1 % )                          ;
;     Memory ALUTs                  ; 0 / 89,600 ( 0 % )                              ;
;     Dedicated logic registers     ; 0 / 179,200 ( 0 % )                             ;
; Total registers                   ; 0                                               ;
; Total pins                        ; 112 / 634 ( 18 % )                              ;
; Total virtual pins                ; 0                                               ;
; Total block memory bits           ; 0 / 11,381,760 ( 0 % )                          ;
; DSP block 18-bit elements         ; 14 / 800 ( 2 % )                                ;
; Total GXB Receiver Channel PCS    ; 0 / 16 ( 0 % )                                  ;
; Total GXB Receiver Channel PMA    ; 0 / 16 ( 0 % )                                  ;
; Total GXB Transmitter Channel PCS ; 0 / 16 ( 0 % )                                  ;
; Total GXB Transmitter Channel PMA ; 0 / 16 ( 0 % )                                  ;
; Total PLLs                        ; 0 / 6 ( 0 % )                                   ;
; Total DLLs                        ; 0 / 4 ( 0 % )                                   ;
; Device                            ; EP2AGZ225FF35C3                                 ;
; Timing Models                     ; Final                                           ;
+-----------------------------------+-------------------------------------------------+


+--------------------------------------------+
; Flow Settings                              ;
+-------------------+------------------------+
; Option            ; Setting                ;
+-------------------+------------------------+
; Start date & time ; 12/29/2016 23:09:55    ;
; Main task         ; Compilation            ;
; Revision Name     ; polynomial_topentity_0 ;
+-------------------+------------------------+


+-------------------------------------------------------------------------------------------------------------------------+
; Flow Non-Default Global Settings                                                                                        ;
+-------------------------------------+----------------------------------------+---------------+-------------+------------+
; Assignment Name                     ; Value                                  ; Default Value ; Entity Name ; Section Id ;
+-------------------------------------+----------------------------------------+---------------+-------------+------------+
; COMPILER_SIGNATURE_ID               ; 2200303521616.148304939506460          ; --            ; --          ; --         ;
; PARTITION_COLOR                     ; -- (Not supported for targeted family) ; --            ; --          ; Top        ;
; PARTITION_FITTER_PRESERVATION_LEVEL ; -- (Not supported for targeted family) ; --            ; --          ; Top        ;
; PARTITION_NETLIST_TYPE              ; -- (Not supported for targeted family) ; --            ; --          ; Top        ;
; PROJECT_OUTPUT_DIRECTORY            ; output_files                           ; --            ; --          ; --         ;
+-------------------------------------+----------------------------------------+---------------+-------------+------------+


+-------------------------------------------------------------------------------------------------------------------------------+
; Flow Elapsed Time                                                                                                             ;
+---------------------------+--------------+-------------------------+---------------------+------------------------------------+
; Module Name               ; Elapsed Time ; Average Processors Used ; Peak Virtual Memory ; Total CPU Time (on all processors) ;
+---------------------------+--------------+-------------------------+---------------------+------------------------------------+
; Analysis & Synthesis      ; 00:00:18     ; 1.0                     ; 751 MB              ; 00:00:34                           ;
; Fitter                    ; 00:01:02     ; 1.0                     ; 1841 MB             ; 00:01:12                           ;
; Assembler                 ; 00:00:02     ; 1.0                     ; 618 MB              ; 00:00:02                           ;
; TimeQuest Timing Analyzer ; 00:00:10     ; 1.1                     ; 850 MB              ; 00:00:11                           ;
; Total                     ; 00:01:32     ; --                      ; --                  ; 00:01:59                           ;
+---------------------------+--------------+-------------------------+---------------------+------------------------------------+


+------------------------------------------------------------------------------------------+
; Flow OS Summary                                                                          ;
+---------------------------+------------------+-------------+------------+----------------+
; Module Name               ; Machine Hostname ; OS Name     ; OS Version ; Processor type ;
+---------------------------+------------------+-------------+------------+----------------+
; Analysis & Synthesis      ; s158772          ; Windows 8.1 ; 6.3        ; x86_64         ;
; Fitter                    ; s158772          ; Windows 8.1 ; 6.3        ; x86_64         ;
; Assembler                 ; s158772          ; Windows 8.1 ; 6.3        ; x86_64         ;
; TimeQuest Timing Analyzer ; s158772          ; Windows 8.1 ; 6.3        ; x86_64         ;
+---------------------------+------------------+-------------+------------+----------------+


------------
; Flow Log ;
------------
quartus_map --read_settings_files=on --write_settings_files=off polynomial_topentity_0 -c polynomial_topentity_0
quartus_fit --read_settings_files=off --write_settings_files=off polynomial_topentity_0 -c polynomial_topentity_0
quartus_asm --read_settings_files=off --write_settings_files=off polynomial_topentity_0 -c polynomial_topentity_0
quartus_sta polynomial_topentity_0 -c polynomial_topentity_0



