Analysis & Synthesis report for polynomial_topentity_0
Thu Dec 29 01:39:39 2016
Quartus Prime Version 16.1.0 Build 196 10/24/2016 SJ Standard Edition


---------------------
; Table of Contents ;
---------------------
  1. Legal Notice
  2. Analysis & Synthesis Summary
  3. Analysis & Synthesis Settings
  4. Parallel Compilation
  5. Analysis & Synthesis Source Files Read
  6. Analysis & Synthesis Resource Usage Summary
  7. Analysis & Synthesis Resource Utilization by Entity
  8. General Register Statistics
  9. Parameter Settings for Inferred Entity Instance: polynomial_polynomial_spolynomial:polynomial_polynomial_spolynomial_result|lpm_mult:Mult2
 10. Parameter Settings for Inferred Entity Instance: polynomial_polynomial_spolynomial:polynomial_polynomial_spolynomial_result|lpm_mult:Mult1
 11. Parameter Settings for Inferred Entity Instance: polynomial_polynomial_spolynomial:polynomial_polynomial_spolynomial_result|lpm_mult:Mult0
 12. lpm_mult Parameter Settings by Entity Instance
 13. Analysis & Synthesis Messages



----------------
; Legal Notice ;
----------------
Copyright (C) 2016  Intel Corporation. All rights reserved.
Your use of Intel Corporation's design tools, logic functions 
and other software and tools, and its AMPP partner logic 
functions, and any output files from any of the foregoing 
(including device programming or simulation files), and any 
associated documentation or information are expressly subject 
to the terms and conditions of the Intel Program License 
Subscription Agreement, the Intel Quartus Prime License Agreement,
the Intel MegaCore Function License Agreement, or other 
applicable license agreement, including, without limitation, 
that your use is for the sole purpose of programming logic 
devices manufactured by Intel and sold by Intel or its 
authorized distributors.  Please refer to the applicable 
agreement for further details.



+-------------------------------------------------------------------------------+
; Analysis & Synthesis Summary                                                  ;
+-----------------------------+-------------------------------------------------+
; Analysis & Synthesis Status ; Successful - Thu Dec 29 01:39:39 2016           ;
; Quartus Prime Version       ; 16.1.0 Build 196 10/24/2016 SJ Standard Edition ;
; Revision Name               ; polynomial_topentity_0                          ;
; Top-level Entity Name       ; polynomial_topentity_0                          ;
; Family                      ; MAX II                                          ;
; Total logic elements        ; 1,134                                           ;
; Total pins                  ; 32                                              ;
; Total virtual pins          ; 0                                               ;
; UFM blocks                  ; 0 / 1 ( 0 % )                                   ;
+-----------------------------+-------------------------------------------------+


+------------------------------------------------------------------------------------------------------------------------------+
; Analysis & Synthesis Settings                                                                                                ;
+----------------------------------------------------------------------------+------------------------+------------------------+
; Option                                                                     ; Setting                ; Default Value          ;
+----------------------------------------------------------------------------+------------------------+------------------------+
; Top-level entity name                                                      ; polynomial_topentity_0 ; polynomial_topentity_0 ;
; Family name                                                                ; MAX II                 ; Cyclone V              ;
; Use smart compilation                                                      ; Off                    ; Off                    ;
; Enable parallel Assembler and TimeQuest Timing Analyzer during compilation ; On                     ; On                     ;
; Enable compact report table                                                ; Off                    ; Off                    ;
; Restructure Multiplexers                                                   ; Auto                   ; Auto                   ;
; Create Debugging Nodes for IP Cores                                        ; Off                    ; Off                    ;
; Preserve fewer node names                                                  ; On                     ; On                     ;
; OpenCore Plus hardware evaluation                                          ; Enable                 ; Enable                 ;
; Verilog Version                                                            ; Verilog_2001           ; Verilog_2001           ;
; VHDL Version                                                               ; VHDL_1993              ; VHDL_1993              ;
; State Machine Processing                                                   ; Auto                   ; Auto                   ;
; Safe State Machine                                                         ; Off                    ; Off                    ;
; Extract Verilog State Machines                                             ; On                     ; On                     ;
; Extract VHDL State Machines                                                ; On                     ; On                     ;
; Ignore Verilog initial constructs                                          ; Off                    ; Off                    ;
; Iteration limit for constant Verilog loops                                 ; 5000                   ; 5000                   ;
; Iteration limit for non-constant Verilog loops                             ; 250                    ; 250                    ;
; Add Pass-Through Logic to Inferred RAMs                                    ; On                     ; On                     ;
; Infer RAMs from Raw Logic                                                  ; On                     ; On                     ;
; Parallel Synthesis                                                         ; On                     ; On                     ;
; NOT Gate Push-Back                                                         ; On                     ; On                     ;
; Power-Up Don't Care                                                        ; On                     ; On                     ;
; Remove Redundant Logic Cells                                               ; Off                    ; Off                    ;
; Remove Duplicate Registers                                                 ; On                     ; On                     ;
; Ignore CARRY Buffers                                                       ; Off                    ; Off                    ;
; Ignore CASCADE Buffers                                                     ; Off                    ; Off                    ;
; Ignore GLOBAL Buffers                                                      ; Off                    ; Off                    ;
; Ignore ROW GLOBAL Buffers                                                  ; Off                    ; Off                    ;
; Ignore LCELL Buffers                                                       ; Off                    ; Off                    ;
; Ignore SOFT Buffers                                                        ; On                     ; On                     ;
; Limit AHDL Integers to 32 Bits                                             ; Off                    ; Off                    ;
; Optimization Technique                                                     ; Balanced               ; Balanced               ;
; Carry Chain Length                                                         ; 70                     ; 70                     ;
; Auto Carry Chains                                                          ; On                     ; On                     ;
; Auto Open-Drain Pins                                                       ; On                     ; On                     ;
; Perform WYSIWYG Primitive Resynthesis                                      ; Off                    ; Off                    ;
; Auto Shift Register Replacement                                            ; Auto                   ; Auto                   ;
; Allow Shift Register Merging across Hierarchies                            ; Auto                   ; Auto                   ;
; Auto Clock Enable Replacement                                              ; On                     ; On                     ;
; Allow Synchronous Control Signals                                          ; On                     ; On                     ;
; Force Use of Synchronous Clear Signals                                     ; Off                    ; Off                    ;
; Auto Resource Sharing                                                      ; Off                    ; Off                    ;
; Use LogicLock Constraints during Resource Balancing                        ; On                     ; On                     ;
; Ignore translate_off and synthesis_off directives                          ; Off                    ; Off                    ;
; Report Parameter Settings                                                  ; On                     ; On                     ;
; Report Source Assignments                                                  ; On                     ; On                     ;
; Report Connectivity Checks                                                 ; On                     ; On                     ;
; Ignore Maximum Fan-Out Assignments                                         ; Off                    ; Off                    ;
; Synchronization Register Chain Length                                      ; 2                      ; 2                      ;
; PowerPlay Power Optimization During Synthesis                              ; Normal compilation     ; Normal compilation     ;
; HDL message level                                                          ; Level2                 ; Level2                 ;
; Suppress Register Optimization Related Messages                            ; Off                    ; Off                    ;
; Number of Removed Registers Reported in Synthesis Report                   ; 5000                   ; 5000                   ;
; Number of Swept Nodes Reported in Synthesis Report                         ; 5000                   ; 5000                   ;
; Number of Inverted Registers Reported in Synthesis Report                  ; 100                    ; 100                    ;
; Clock MUX Protection                                                       ; On                     ; On                     ;
; Block Design Naming                                                        ; Auto                   ; Auto                   ;
; Synthesis Effort                                                           ; Auto                   ; Auto                   ;
; Shift Register Replacement - Allow Asynchronous Clear Signal               ; On                     ; On                     ;
; Analysis & Synthesis Message Level                                         ; Medium                 ; Medium                 ;
; Disable Register Merging Across Hierarchies                                ; Auto                   ; Auto                   ;
+----------------------------------------------------------------------------+------------------------+------------------------+


+------------------------------------------+
; Parallel Compilation                     ;
+----------------------------+-------------+
; Processors                 ; Number      ;
+----------------------------+-------------+
; Number detected on machine ; 8           ;
; Maximum allowed            ; 4           ;
;                            ;             ;
; Average used               ; 1.00        ;
; Maximum used               ; 1           ;
;                            ;             ;
; Usage by Processor         ; % Time Used ;
;     Processor 1            ; 100.0%      ;
+----------------------------+-------------+


+---------------------------------------------------------------------------------------------------------------------------------------------------------------------------------------------------------------+
; Analysis & Synthesis Source Files Read                                                                                                                                                                        ;
+-----------------------------------------------------------+-----------------+------------------------------+----------------------------------------------------------------------------------------+---------+
; File Name with User-Entered Path                          ; Used in Netlist ; File Type                    ; File Name with Absolute Path                                                           ; Library ;
+-----------------------------------------------------------+-----------------+------------------------------+----------------------------------------------------------------------------------------+---------+
; ../vhdl/Polynomial/polynomial_types.vhdl                  ; yes             ; User VHDL File               ; D:/ECA2/assignment/ex2ghci/ex22/vhdl/Polynomial/polynomial_types.vhdl                  ;         ;
; ../vhdl/Polynomial/polynomial_topentity_0.vhdl            ; yes             ; User VHDL File               ; D:/ECA2/assignment/ex2ghci/ex22/vhdl/Polynomial/polynomial_topentity_0.vhdl            ;         ;
; ../vhdl/Polynomial/polynomial_topentity.vhdl              ; yes             ; User VHDL File               ; D:/ECA2/assignment/ex2ghci/ex22/vhdl/Polynomial/polynomial_topentity.vhdl              ;         ;
; ../vhdl/Polynomial/polynomial_testbench.vhdl              ; yes             ; User VHDL File               ; D:/ECA2/assignment/ex2ghci/ex22/vhdl/Polynomial/polynomial_testbench.vhdl              ;         ;
; ../vhdl/Polynomial/polynomial_polynomial_spolynomial.vhdl ; yes             ; User VHDL File               ; D:/ECA2/assignment/ex2ghci/ex22/vhdl/Polynomial/polynomial_polynomial_spolynomial.vhdl ;         ;
; lpm_mult.tdf                                              ; yes             ; Megafunction                 ; d:/software/quartus/quartus/libraries/megafunctions/lpm_mult.tdf                       ;         ;
; aglobal161.inc                                            ; yes             ; Megafunction                 ; d:/software/quartus/quartus/libraries/megafunctions/aglobal161.inc                     ;         ;
; lpm_add_sub.inc                                           ; yes             ; Megafunction                 ; d:/software/quartus/quartus/libraries/megafunctions/lpm_add_sub.inc                    ;         ;
; multcore.inc                                              ; yes             ; Megafunction                 ; d:/software/quartus/quartus/libraries/megafunctions/multcore.inc                       ;         ;
; bypassff.inc                                              ; yes             ; Megafunction                 ; d:/software/quartus/quartus/libraries/megafunctions/bypassff.inc                       ;         ;
; altshift.inc                                              ; yes             ; Megafunction                 ; d:/software/quartus/quartus/libraries/megafunctions/altshift.inc                       ;         ;
; db/mult_aks.tdf                                           ; yes             ; Auto-Generated Megafunction  ; D:/ECA2/assignment/ex2ghci/ex22/quartus/db/mult_aks.tdf                                ;         ;
+-----------------------------------------------------------+-----------------+------------------------------+----------------------------------------------------------------------------------------+---------+


+-------------------------------------------------------+
; Analysis & Synthesis Resource Usage Summary           ;
+---------------------------------------------+---------+
; Resource                                    ; Usage   ;
+---------------------------------------------+---------+
; Total logic elements                        ; 1134    ;
;     -- Combinational with no register       ; 1134    ;
;     -- Register only                        ; 0       ;
;     -- Combinational with a register        ; 0       ;
;                                             ;         ;
; Logic element usage by number of LUT inputs ;         ;
;     -- 4 input functions                    ; 393     ;
;     -- 3 input functions                    ; 557     ;
;     -- 2 input functions                    ; 129     ;
;     -- 1 input functions                    ; 55      ;
;     -- 0 input functions                    ; 0       ;
;                                             ;         ;
; Logic elements by mode                      ;         ;
;     -- normal mode                          ; 503     ;
;     -- arithmetic mode                      ; 631     ;
;     -- qfbk mode                            ; 0       ;
;     -- register cascade mode                ; 0       ;
;     -- synchronous clear/load mode          ; 0       ;
;     -- asynchronous clear/load mode         ; 0       ;
;                                             ;         ;
; Total registers                             ; 0       ;
; Total logic cells in carry chains           ; 672     ;
; I/O pins                                    ; 32      ;
; Maximum fan-out node                        ; arg[15] ;
; Maximum fan-out                             ; 114     ;
; Total fan-out                               ; 3571    ;
; Average fan-out                             ; 3.06    ;
+---------------------------------------------+---------+


+-------------------------------------------------------------------------------------------------------------------------------------------------------------------------------------------------------------------------------------------------------------------------------------------------------------------------------------------------------------------------------------------------------------------------------------+
; Analysis & Synthesis Resource Utilization by Entity                                                                                                                                                                                                                                                                                                                                                                                 ;
+---------------------------------------------------------------------------------+-------------+--------------+------------+------+--------------+--------------+-------------------+------------------+-----------------+------------+-------------------------------------------------------------------------------------------------------------------------------------------+-----------------------------------+--------------+
; Compilation Hierarchy Node                                                      ; Logic Cells ; LC Registers ; UFM Blocks ; Pins ; Virtual Pins ; LUT-Only LCs ; Register-Only LCs ; LUT/Register LCs ; Carry Chain LCs ; Packed LCs ; Full Hierarchy Name                                                                                                                       ; Entity Name                       ; Library Name ;
+---------------------------------------------------------------------------------+-------------+--------------+------------+------+--------------+--------------+-------------------+------------------+-----------------+------------+-------------------------------------------------------------------------------------------------------------------------------------------+-----------------------------------+--------------+
; |polynomial_topentity_0                                                         ; 1134 (0)    ; 0            ; 0          ; 32   ; 0            ; 1134 (0)     ; 0 (0)             ; 0 (0)            ; 672 (0)         ; 0 (0)      ; |polynomial_topentity_0                                                                                                                   ; polynomial_topentity_0            ; work         ;
;    |polynomial_polynomial_spolynomial:polynomial_polynomial_spolynomial_result| ; 1134 (171)  ; 0            ; 0          ; 0    ; 0            ; 1134 (171)   ; 0 (0)             ; 0 (0)            ; 672 (171)       ; 0 (0)      ; |polynomial_topentity_0|polynomial_polynomial_spolynomial:polynomial_polynomial_spolynomial_result                                        ; polynomial_polynomial_spolynomial ; work         ;
;       |lpm_mult:Mult0|                                                          ; 322 (0)     ; 0            ; 0          ; 0    ; 0            ; 322 (0)      ; 0 (0)             ; 0 (0)            ; 167 (0)         ; 0 (0)      ; |polynomial_topentity_0|polynomial_polynomial_spolynomial:polynomial_polynomial_spolynomial_result|lpm_mult:Mult0                         ; lpm_mult                          ; work         ;
;          |mult_aks:auto_generated|                                              ; 322 (322)   ; 0            ; 0          ; 0    ; 0            ; 322 (322)    ; 0 (0)             ; 0 (0)            ; 167 (167)       ; 0 (0)      ; |polynomial_topentity_0|polynomial_polynomial_spolynomial:polynomial_polynomial_spolynomial_result|lpm_mult:Mult0|mult_aks:auto_generated ; mult_aks                          ; work         ;
;       |lpm_mult:Mult1|                                                          ; 322 (0)     ; 0            ; 0          ; 0    ; 0            ; 322 (0)      ; 0 (0)             ; 0 (0)            ; 167 (0)         ; 0 (0)      ; |polynomial_topentity_0|polynomial_polynomial_spolynomial:polynomial_polynomial_spolynomial_result|lpm_mult:Mult1                         ; lpm_mult                          ; work         ;
;          |mult_aks:auto_generated|                                              ; 322 (322)   ; 0            ; 0          ; 0    ; 0            ; 322 (322)    ; 0 (0)             ; 0 (0)            ; 167 (167)       ; 0 (0)      ; |polynomial_topentity_0|polynomial_polynomial_spolynomial:polynomial_polynomial_spolynomial_result|lpm_mult:Mult1|mult_aks:auto_generated ; mult_aks                          ; work         ;
;       |lpm_mult:Mult2|                                                          ; 319 (0)     ; 0            ; 0          ; 0    ; 0            ; 319 (0)      ; 0 (0)             ; 0 (0)            ; 167 (0)         ; 0 (0)      ; |polynomial_topentity_0|polynomial_polynomial_spolynomial:polynomial_polynomial_spolynomial_result|lpm_mult:Mult2                         ; lpm_mult                          ; work         ;
;          |mult_aks:auto_generated|                                              ; 319 (319)   ; 0            ; 0          ; 0    ; 0            ; 319 (319)    ; 0 (0)             ; 0 (0)            ; 167 (167)       ; 0 (0)      ; |polynomial_topentity_0|polynomial_polynomial_spolynomial:polynomial_polynomial_spolynomial_result|lpm_mult:Mult2|mult_aks:auto_generated ; mult_aks                          ; work         ;
+---------------------------------------------------------------------------------+-------------+--------------+------------+------+--------------+--------------+-------------------+------------------+-----------------+------------+-------------------------------------------------------------------------------------------------------------------------------------------+-----------------------------------+--------------+
Note: For table entries with two numbers listed, the numbers in parentheses indicate the number of resources of the given type used by the specific entity alone. The numbers listed outside of parentheses indicate the total resources of the given type used by the specific entity and all of its sub-entities in the hierarchy.


+------------------------------------------------------+
; General Register Statistics                          ;
+----------------------------------------------+-------+
; Statistic                                    ; Value ;
+----------------------------------------------+-------+
; Total registers                              ; 0     ;
; Number of registers using Synchronous Clear  ; 0     ;
; Number of registers using Synchronous Load   ; 0     ;
; Number of registers using Asynchronous Clear ; 0     ;
; Number of registers using Asynchronous Load  ; 0     ;
; Number of registers using Clock Enable       ; 0     ;
; Number of registers using Preset             ; 0     ;
+----------------------------------------------+-------+


+--------------------------------------------------------------------------------------------------------------------------------------------+
; Parameter Settings for Inferred Entity Instance: polynomial_polynomial_spolynomial:polynomial_polynomial_spolynomial_result|lpm_mult:Mult2 ;
+------------------------------------------------+----------+--------------------------------------------------------------------------------+
; Parameter Name                                 ; Value    ; Type                                                                           ;
+------------------------------------------------+----------+--------------------------------------------------------------------------------+
; AUTO_CARRY_CHAINS                              ; ON       ; AUTO_CARRY                                                                     ;
; IGNORE_CARRY_BUFFERS                           ; OFF      ; IGNORE_CARRY                                                                   ;
; AUTO_CASCADE_CHAINS                            ; ON       ; AUTO_CASCADE                                                                   ;
; IGNORE_CASCADE_BUFFERS                         ; OFF      ; IGNORE_CASCADE                                                                 ;
; LPM_WIDTHA                                     ; 16       ; Untyped                                                                        ;
; LPM_WIDTHB                                     ; 16       ; Untyped                                                                        ;
; LPM_WIDTHP                                     ; 32       ; Untyped                                                                        ;
; LPM_WIDTHR                                     ; 32       ; Untyped                                                                        ;
; LPM_WIDTHS                                     ; 1        ; Untyped                                                                        ;
; LPM_REPRESENTATION                             ; SIGNED   ; Untyped                                                                        ;
; LPM_PIPELINE                                   ; 0        ; Untyped                                                                        ;
; LATENCY                                        ; 0        ; Untyped                                                                        ;
; INPUT_A_IS_CONSTANT                            ; NO       ; Untyped                                                                        ;
; INPUT_B_IS_CONSTANT                            ; NO       ; Untyped                                                                        ;
; USE_EAB                                        ; OFF      ; Untyped                                                                        ;
; MAXIMIZE_SPEED                                 ; 5        ; Untyped                                                                        ;
; DEVICE_FAMILY                                  ; MAX II   ; Untyped                                                                        ;
; CARRY_CHAIN                                    ; MANUAL   ; Untyped                                                                        ;
; APEX20K_TECHNOLOGY_MAPPER                      ; LUT      ; TECH_MAPPER_APEX20K                                                            ;
; DEDICATED_MULTIPLIER_CIRCUITRY                 ; AUTO     ; Untyped                                                                        ;
; DEDICATED_MULTIPLIER_MIN_INPUT_WIDTH_FOR_AUTO  ; 0        ; Untyped                                                                        ;
; DEDICATED_MULTIPLIER_MIN_OUTPUT_WIDTH_FOR_AUTO ; 0        ; Untyped                                                                        ;
; CBXI_PARAMETER                                 ; mult_aks ; Untyped                                                                        ;
; INPUT_A_FIXED_VALUE                            ; Bx       ; Untyped                                                                        ;
; INPUT_B_FIXED_VALUE                            ; Bx       ; Untyped                                                                        ;
; USE_AHDL_IMPLEMENTATION                        ; OFF      ; Untyped                                                                        ;
+------------------------------------------------+----------+--------------------------------------------------------------------------------+
Note: In order to hide this table in the UI and the text report file, please set the "Show Parameter Settings in Synthesis Report" option in "Analysis and Synthesis Settings -> More Settings" to "Off".


+--------------------------------------------------------------------------------------------------------------------------------------------+
; Parameter Settings for Inferred Entity Instance: polynomial_polynomial_spolynomial:polynomial_polynomial_spolynomial_result|lpm_mult:Mult1 ;
+------------------------------------------------+----------+--------------------------------------------------------------------------------+
; Parameter Name                                 ; Value    ; Type                                                                           ;
+------------------------------------------------+----------+--------------------------------------------------------------------------------+
; AUTO_CARRY_CHAINS                              ; ON       ; AUTO_CARRY                                                                     ;
; IGNORE_CARRY_BUFFERS                           ; OFF      ; IGNORE_CARRY                                                                   ;
; AUTO_CASCADE_CHAINS                            ; ON       ; AUTO_CASCADE                                                                   ;
; IGNORE_CASCADE_BUFFERS                         ; OFF      ; IGNORE_CASCADE                                                                 ;
; LPM_WIDTHA                                     ; 16       ; Untyped                                                                        ;
; LPM_WIDTHB                                     ; 16       ; Untyped                                                                        ;
; LPM_WIDTHP                                     ; 32       ; Untyped                                                                        ;
; LPM_WIDTHR                                     ; 32       ; Untyped                                                                        ;
; LPM_WIDTHS                                     ; 1        ; Untyped                                                                        ;
; LPM_REPRESENTATION                             ; SIGNED   ; Untyped                                                                        ;
; LPM_PIPELINE                                   ; 0        ; Untyped                                                                        ;
; LATENCY                                        ; 0        ; Untyped                                                                        ;
; INPUT_A_IS_CONSTANT                            ; NO       ; Untyped                                                                        ;
; INPUT_B_IS_CONSTANT                            ; NO       ; Untyped                                                                        ;
; USE_EAB                                        ; OFF      ; Untyped                                                                        ;
; MAXIMIZE_SPEED                                 ; 5        ; Untyped                                                                        ;
; DEVICE_FAMILY                                  ; MAX II   ; Untyped                                                                        ;
; CARRY_CHAIN                                    ; MANUAL   ; Untyped                                                                        ;
; APEX20K_TECHNOLOGY_MAPPER                      ; LUT      ; TECH_MAPPER_APEX20K                                                            ;
; DEDICATED_MULTIPLIER_CIRCUITRY                 ; AUTO     ; Untyped                                                                        ;
; DEDICATED_MULTIPLIER_MIN_INPUT_WIDTH_FOR_AUTO  ; 0        ; Untyped                                                                        ;
; DEDICATED_MULTIPLIER_MIN_OUTPUT_WIDTH_FOR_AUTO ; 0        ; Untyped                                                                        ;
; CBXI_PARAMETER                                 ; mult_aks ; Untyped                                                                        ;
; INPUT_A_FIXED_VALUE                            ; Bx       ; Untyped                                                                        ;
; INPUT_B_FIXED_VALUE                            ; Bx       ; Untyped                                                                        ;
; USE_AHDL_IMPLEMENTATION                        ; OFF      ; Untyped                                                                        ;
+------------------------------------------------+----------+--------------------------------------------------------------------------------+
Note: In order to hide this table in the UI and the text report file, please set the "Show Parameter Settings in Synthesis Report" option in "Analysis and Synthesis Settings -> More Settings" to "Off".


+--------------------------------------------------------------------------------------------------------------------------------------------+
; Parameter Settings for Inferred Entity Instance: polynomial_polynomial_spolynomial:polynomial_polynomial_spolynomial_result|lpm_mult:Mult0 ;
+------------------------------------------------+----------+--------------------------------------------------------------------------------+
; Parameter Name                                 ; Value    ; Type                                                                           ;
+------------------------------------------------+----------+--------------------------------------------------------------------------------+
; AUTO_CARRY_CHAINS                              ; ON       ; AUTO_CARRY                                                                     ;
; IGNORE_CARRY_BUFFERS                           ; OFF      ; IGNORE_CARRY                                                                   ;
; AUTO_CASCADE_CHAINS                            ; ON       ; AUTO_CASCADE                                                                   ;
; IGNORE_CASCADE_BUFFERS                         ; OFF      ; IGNORE_CASCADE                                                                 ;
; LPM_WIDTHA                                     ; 16       ; Untyped                                                                        ;
; LPM_WIDTHB                                     ; 16       ; Untyped                                                                        ;
; LPM_WIDTHP                                     ; 32       ; Untyped                                                                        ;
; LPM_WIDTHR                                     ; 32       ; Untyped                                                                        ;
; LPM_WIDTHS                                     ; 1        ; Untyped                                                                        ;
; LPM_REPRESENTATION                             ; SIGNED   ; Untyped                                                                        ;
; LPM_PIPELINE                                   ; 0        ; Untyped                                                                        ;
; LATENCY                                        ; 0        ; Untyped                                                                        ;
; INPUT_A_IS_CONSTANT                            ; NO       ; Untyped                                                                        ;
; INPUT_B_IS_CONSTANT                            ; NO       ; Untyped                                                                        ;
; USE_EAB                                        ; OFF      ; Untyped                                                                        ;
; MAXIMIZE_SPEED                                 ; 5        ; Untyped                                                                        ;
; DEVICE_FAMILY                                  ; MAX II   ; Untyped                                                                        ;
; CARRY_CHAIN                                    ; MANUAL   ; Untyped                                                                        ;
; APEX20K_TECHNOLOGY_MAPPER                      ; LUT      ; TECH_MAPPER_APEX20K                                                            ;
; DEDICATED_MULTIPLIER_CIRCUITRY                 ; AUTO     ; Untyped                                                                        ;
; DEDICATED_MULTIPLIER_MIN_INPUT_WIDTH_FOR_AUTO  ; 0        ; Untyped                                                                        ;
; DEDICATED_MULTIPLIER_MIN_OUTPUT_WIDTH_FOR_AUTO ; 0        ; Untyped                                                                        ;
; CBXI_PARAMETER                                 ; mult_aks ; Untyped                                                                        ;
; INPUT_A_FIXED_VALUE                            ; Bx       ; Untyped                                                                        ;
; INPUT_B_FIXED_VALUE                            ; Bx       ; Untyped                                                                        ;
; USE_AHDL_IMPLEMENTATION                        ; OFF      ; Untyped                                                                        ;
+------------------------------------------------+----------+--------------------------------------------------------------------------------+
Note: In order to hide this table in the UI and the text report file, please set the "Show Parameter Settings in Synthesis Report" option in "Analysis and Synthesis Settings -> More Settings" to "Off".


+-----------------------------------------------------------------------------------------------------------------------------------+
; lpm_mult Parameter Settings by Entity Instance                                                                                    ;
+---------------------------------------+-------------------------------------------------------------------------------------------+
; Name                                  ; Value                                                                                     ;
+---------------------------------------+-------------------------------------------------------------------------------------------+
; Number of entity instances            ; 3                                                                                         ;
; Entity Instance                       ; polynomial_polynomial_spolynomial:polynomial_polynomial_spolynomial_result|lpm_mult:Mult2 ;
;     -- LPM_WIDTHA                     ; 16                                                                                        ;
;     -- LPM_WIDTHB                     ; 16                                                                                        ;
;     -- LPM_WIDTHP                     ; 32                                                                                        ;
;     -- LPM_REPRESENTATION             ; SIGNED                                                                                    ;
;     -- INPUT_A_IS_CONSTANT            ; NO                                                                                        ;
;     -- INPUT_B_IS_CONSTANT            ; NO                                                                                        ;
;     -- USE_EAB                        ; OFF                                                                                       ;
;     -- DEDICATED_MULTIPLIER_CIRCUITRY ; AUTO                                                                                      ;
;     -- INPUT_A_FIXED_VALUE            ; Bx                                                                                        ;
;     -- INPUT_B_FIXED_VALUE            ; Bx                                                                                        ;
; Entity Instance                       ; polynomial_polynomial_spolynomial:polynomial_polynomial_spolynomial_result|lpm_mult:Mult1 ;
;     -- LPM_WIDTHA                     ; 16                                                                                        ;
;     -- LPM_WIDTHB                     ; 16                                                                                        ;
;     -- LPM_WIDTHP                     ; 32                                                                                        ;
;     -- LPM_REPRESENTATION             ; SIGNED                                                                                    ;
;     -- INPUT_A_IS_CONSTANT            ; NO                                                                                        ;
;     -- INPUT_B_IS_CONSTANT            ; NO                                                                                        ;
;     -- USE_EAB                        ; OFF                                                                                       ;
;     -- DEDICATED_MULTIPLIER_CIRCUITRY ; AUTO                                                                                      ;
;     -- INPUT_A_FIXED_VALUE            ; Bx                                                                                        ;
;     -- INPUT_B_FIXED_VALUE            ; Bx                                                                                        ;
; Entity Instance                       ; polynomial_polynomial_spolynomial:polynomial_polynomial_spolynomial_result|lpm_mult:Mult0 ;
;     -- LPM_WIDTHA                     ; 16                                                                                        ;
;     -- LPM_WIDTHB                     ; 16                                                                                        ;
;     -- LPM_WIDTHP                     ; 32                                                                                        ;
;     -- LPM_REPRESENTATION             ; SIGNED                                                                                    ;
;     -- INPUT_A_IS_CONSTANT            ; NO                                                                                        ;
;     -- INPUT_B_IS_CONSTANT            ; NO                                                                                        ;
;     -- USE_EAB                        ; OFF                                                                                       ;
;     -- DEDICATED_MULTIPLIER_CIRCUITRY ; AUTO                                                                                      ;
;     -- INPUT_A_FIXED_VALUE            ; Bx                                                                                        ;
;     -- INPUT_B_FIXED_VALUE            ; Bx                                                                                        ;
+---------------------------------------+-------------------------------------------------------------------------------------------+


+-------------------------------+
; Analysis & Synthesis Messages ;
+-------------------------------+
Info: *******************************************************************
Info: Running Quartus Prime Analysis & Synthesis
    Info: Version 16.1.0 Build 196 10/24/2016 SJ Standard Edition
    Info: Processing started: Thu Dec 29 01:39:27 2016
Info: Command: quartus_map --read_settings_files=on --write_settings_files=off polynomial_topentity_0 -c polynomial_topentity_0
Warning (18236): Number of processors has not been specified which may cause overloading on shared machines.  Set the global assignment NUM_PARALLEL_PROCESSORS in your QSF to an appropriate value for best performance.
Info (20030): Parallel compilation is enabled and will use 4 of the 4 processors detected
Info (12021): Found 2 design units, including 0 entities, in source file /eca2/assignment/ex2ghci/ex22/vhdl/polynomial/polynomial_types.vhdl
    Info (12022): Found design unit 1: polynomial_types File: D:/ECA2/assignment/ex2ghci/ex22/vhdl/Polynomial/polynomial_types.vhdl Line: 5
    Info (12022): Found design unit 2: polynomial_types-body File: D:/ECA2/assignment/ex2ghci/ex22/vhdl/Polynomial/polynomial_types.vhdl Line: 13
Info (12021): Found 2 design units, including 1 entities, in source file /eca2/assignment/ex2ghci/ex22/vhdl/polynomial/polynomial_topentity_0.vhdl
    Info (12022): Found design unit 1: polynomial_topentity_0-structural File: D:/ECA2/assignment/ex2ghci/ex22/vhdl/Polynomial/polynomial_topentity_0.vhdl Line: 15
    Info (12023): Found entity 1: polynomial_topentity_0 File: D:/ECA2/assignment/ex2ghci/ex22/vhdl/Polynomial/polynomial_topentity_0.vhdl Line: 10
Info (12021): Found 2 design units, including 1 entities, in source file /eca2/assignment/ex2ghci/ex22/vhdl/polynomial/polynomial_topentity.vhdl
    Info (12022): Found design unit 1: polynomial_topentity-structural File: D:/ECA2/assignment/ex2ghci/ex22/vhdl/Polynomial/polynomial_topentity.vhdl Line: 15
    Info (12023): Found entity 1: polynomial_topentity File: D:/ECA2/assignment/ex2ghci/ex22/vhdl/Polynomial/polynomial_topentity.vhdl Line: 10
Info (12021): Found 2 design units, including 1 entities, in source file /eca2/assignment/ex2ghci/ex22/vhdl/polynomial/polynomial_testbench.vhdl
    Info (12022): Found design unit 1: polynomial_testbench-structural File: D:/ECA2/assignment/ex2ghci/ex22/vhdl/Polynomial/polynomial_testbench.vhdl Line: 14
    Info (12023): Found entity 1: polynomial_testbench File: D:/ECA2/assignment/ex2ghci/ex22/vhdl/Polynomial/polynomial_testbench.vhdl Line: 10
Info (12021): Found 2 design units, including 1 entities, in source file /eca2/assignment/ex2ghci/ex22/vhdl/polynomial/polynomial_polynomial_spolynomial.vhdl
    Info (12022): Found design unit 1: polynomial_polynomial_spolynomial-structural File: D:/ECA2/assignment/ex2ghci/ex22/vhdl/Polynomial/polynomial_polynomial_spolynomial.vhdl Line: 15
    Info (12023): Found entity 1: polynomial_polynomial_spolynomial File: D:/ECA2/assignment/ex2ghci/ex22/vhdl/Polynomial/polynomial_polynomial_spolynomial.vhdl Line: 10
Info (12127): Elaborating entity "polynomial_topentity_0" for the top level hierarchy
Info (12128): Elaborating entity "polynomial_polynomial_spolynomial" for hierarchy "polynomial_polynomial_spolynomial:polynomial_polynomial_spolynomial_result" File: D:/ECA2/assignment/ex2ghci/ex22/vhdl/Polynomial/polynomial_topentity_0.vhdl Line: 17
Info (278001): Inferred 3 megafunctions from design logic
    Info (278003): Inferred multiplier megafunction ("lpm_mult") from the following logic: "polynomial_polynomial_spolynomial:polynomial_polynomial_spolynomial_result|Mult2" File: D:/ECA2/assignment/ex2ghci/ex22/vhdl/Polynomial/polynomial_polynomial_spolynomial.vhdl Line: 47
    Info (278003): Inferred multiplier megafunction ("lpm_mult") from the following logic: "polynomial_polynomial_spolynomial:polynomial_polynomial_spolynomial_result|Mult1" File: D:/ECA2/assignment/ex2ghci/ex22/vhdl/Polynomial/polynomial_polynomial_spolynomial.vhdl Line: 45
    Info (278003): Inferred multiplier megafunction ("lpm_mult") from the following logic: "polynomial_polynomial_spolynomial:polynomial_polynomial_spolynomial_result|Mult0" File: D:/ECA2/assignment/ex2ghci/ex22/vhdl/Polynomial/polynomial_polynomial_spolynomial.vhdl Line: 43
Info (12130): Elaborated megafunction instantiation "polynomial_polynomial_spolynomial:polynomial_polynomial_spolynomial_result|lpm_mult:Mult2" File: D:/ECA2/assignment/ex2ghci/ex22/vhdl/Polynomial/polynomial_polynomial_spolynomial.vhdl Line: 47
Info (12133): Instantiated megafunction "polynomial_polynomial_spolynomial:polynomial_polynomial_spolynomial_result|lpm_mult:Mult2" with the following parameter: File: D:/ECA2/assignment/ex2ghci/ex22/vhdl/Polynomial/polynomial_polynomial_spolynomial.vhdl Line: 47
    Info (12134): Parameter "LPM_WIDTHA" = "16"
    Info (12134): Parameter "LPM_WIDTHB" = "16"
    Info (12134): Parameter "LPM_WIDTHP" = "32"
    Info (12134): Parameter "LPM_WIDTHR" = "32"
    Info (12134): Parameter "LPM_WIDTHS" = "1"
    Info (12134): Parameter "LPM_REPRESENTATION" = "SIGNED"
    Info (12134): Parameter "INPUT_A_IS_CONSTANT" = "NO"
    Info (12134): Parameter "INPUT_B_IS_CONSTANT" = "NO"
    Info (12134): Parameter "MAXIMIZE_SPEED" = "5"
Info (12021): Found 1 design units, including 1 entities, in source file db/mult_aks.tdf
    Info (12023): Found entity 1: mult_aks File: D:/ECA2/assignment/ex2ghci/ex22/quartus/db/mult_aks.tdf Line: 29
Info (12130): Elaborated megafunction instantiation "polynomial_polynomial_spolynomial:polynomial_polynomial_spolynomial_result|lpm_mult:Mult1" File: D:/ECA2/assignment/ex2ghci/ex22/vhdl/Polynomial/polynomial_polynomial_spolynomial.vhdl Line: 45
Info (12133): Instantiated megafunction "polynomial_polynomial_spolynomial:polynomial_polynomial_spolynomial_result|lpm_mult:Mult1" with the following parameter: File: D:/ECA2/assignment/ex2ghci/ex22/vhdl/Polynomial/polynomial_polynomial_spolynomial.vhdl Line: 45
    Info (12134): Parameter "LPM_WIDTHA" = "16"
    Info (12134): Parameter "LPM_WIDTHB" = "16"
    Info (12134): Parameter "LPM_WIDTHP" = "32"
    Info (12134): Parameter "LPM_WIDTHR" = "32"
    Info (12134): Parameter "LPM_WIDTHS" = "1"
    Info (12134): Parameter "LPM_REPRESENTATION" = "SIGNED"
    Info (12134): Parameter "INPUT_A_IS_CONSTANT" = "NO"
    Info (12134): Parameter "INPUT_B_IS_CONSTANT" = "NO"
    Info (12134): Parameter "MAXIMIZE_SPEED" = "5"
Info (12130): Elaborated megafunction instantiation "polynomial_polynomial_spolynomial:polynomial_polynomial_spolynomial_result|lpm_mult:Mult0" File: D:/ECA2/assignment/ex2ghci/ex22/vhdl/Polynomial/polynomial_polynomial_spolynomial.vhdl Line: 43
Info (12133): Instantiated megafunction "polynomial_polynomial_spolynomial:polynomial_polynomial_spolynomial_result|lpm_mult:Mult0" with the following parameter: File: D:/ECA2/assignment/ex2ghci/ex22/vhdl/Polynomial/polynomial_polynomial_spolynomial.vhdl Line: 43
    Info (12134): Parameter "LPM_WIDTHA" = "16"
    Info (12134): Parameter "LPM_WIDTHB" = "16"
    Info (12134): Parameter "LPM_WIDTHP" = "32"
    Info (12134): Parameter "LPM_WIDTHR" = "32"
    Info (12134): Parameter "LPM_WIDTHS" = "1"
    Info (12134): Parameter "LPM_REPRESENTATION" = "SIGNED"
    Info (12134): Parameter "INPUT_A_IS_CONSTANT" = "NO"
    Info (12134): Parameter "INPUT_B_IS_CONSTANT" = "NO"
    Info (12134): Parameter "MAXIMIZE_SPEED" = "5"
Info (13014): Ignored 1187 buffer(s)
    Info (13019): Ignored 1187 SOFT buffer(s)
Warning (13024): Output pins are stuck at VCC or GND
    Warning (13410): Pin "result[0]" is stuck at VCC File: D:/ECA2/assignment/ex2ghci/ex22/vhdl/Polynomial/polynomial_topentity_0.vhdl Line: 12
Info (21057): Implemented 1166 device resources after synthesis - the final resource count might be different
    Info (21058): Implemented 16 input pins
    Info (21059): Implemented 16 output pins
    Info (21061): Implemented 1134 logic cells
Info: Quartus Prime Analysis & Synthesis was successful. 0 errors, 3 warnings
    Info: Peak virtual memory: 636 megabytes
    Info: Processing ended: Thu Dec 29 01:39:39 2016
    Info: Elapsed time: 00:00:12
    Info: Total CPU time (on all processors): 00:00:26


